2022-07-27 22:52:20,581 - temporal_robustness_evaluation - INFO - 
model name: cardiffnlp/twitter-roberta-base-mar2022
args: {'lms': ['cardiffnlp/twitter-roberta-base-mar2022'], 'dataset': 'dynamic-templama', 'min_year': '2019', 'min_month': 1, 'min_day': 1, 'max_year': 2022, 'max_month': 12, 'max_day': 31, 'granularity': 'quarter', 'single_token': False, 'topk': 20, 'N': 100, 'max_num_masks': 5, 'seed': '1234', 'batch_size': 128, 'full_logdir': '/local/home/katemarg/temporal_robustness_evaluation/logs/cardiffnlp/twitter-roberta-base-mar2022_20220727_225220/', 'identifier': 'trial2', 'mask_token': '<mask>', 'vocab_size': 50265, 'max_seq_len': 512, 'special_ids': [0, 2, 3, 1, 50264], 'lowercase': False}


2022-07-27 22:52:20,581 - temporal_robustness_evaluation - INFO - Start loading dynamic-templama test set.....
2022-07-27 22:53:02,296 - temporal_robustness_evaluation - INFO - Loading pipeline.....
2022-07-27 22:54:48,854 - temporal_robustness_evaluation - INFO - 
********************new********************

2022-07-27 22:54:48,854 - temporal_robustness_evaluation - INFO - 
********************2019-Q2********************

2022-07-27 22:55:15,997 - temporal_robustness_evaluation - INFO - 
*****Model cardiffnlp/twitter-roberta-base-mar2022, Dataset dynamic-templama, Split new, Quarter 2019-Q2, Num of Examples 198, P@1 None, P@10 None, MRR None, F1 macro 0.04, Rouge 0.0667, Bert-score 0.8787!*****

2022-07-27 22:55:15,997 - temporal_robustness_evaluation - INFO - 
********************2019-Q3********************

2022-07-27 22:55:37,650 - temporal_robustness_evaluation - INFO - 
*****Model cardiffnlp/twitter-roberta-base-mar2022, Dataset dynamic-templama, Split new, Quarter 2019-Q3, Num of Examples 313, P@1 None, P@10 None, MRR None, F1 macro 0.0, Rouge 0.16, Bert-score 0.873!*****

2022-07-27 22:55:37,650 - temporal_robustness_evaluation - INFO - 
********************2019-Q4********************

2022-07-27 22:55:59,137 - temporal_robustness_evaluation - INFO - 
*****Model cardiffnlp/twitter-roberta-base-mar2022, Dataset dynamic-templama, Split new, Quarter 2019-Q4, Num of Examples 196, P@1 None, P@10 None, MRR None, F1 macro 0.0, Rouge 0.0, Bert-score 0.876!*****

2022-07-27 22:55:59,137 - temporal_robustness_evaluation - INFO - 
********************2020-Q1********************

2022-07-27 22:56:19,698 - temporal_robustness_evaluation - INFO - 
*****Model cardiffnlp/twitter-roberta-base-mar2022, Dataset dynamic-templama, Split new, Quarter 2020-Q1, Num of Examples 406, P@1 None, P@10 None, MRR None, F1 macro 0.0, Rouge 0.08, Bert-score 0.8725!*****

2022-07-27 22:56:19,698 - temporal_robustness_evaluation - INFO - 
********************2020-Q2********************

2022-07-27 22:56:42,097 - temporal_robustness_evaluation - INFO - 
*****Model cardiffnlp/twitter-roberta-base-mar2022, Dataset dynamic-templama, Split new, Quarter 2020-Q2, Num of Examples 119, P@1 None, P@10 None, MRR None, F1 macro 0.0, Rouge 0.0, Bert-score 0.8787!*****

2022-07-27 22:56:42,097 - temporal_robustness_evaluation - INFO - 
********************2020-Q3********************

2022-07-27 22:57:02,841 - temporal_robustness_evaluation - INFO - 
*****Model cardiffnlp/twitter-roberta-base-mar2022, Dataset dynamic-templama, Split new, Quarter 2020-Q3, Num of Examples 194, P@1 None, P@10 None, MRR None, F1 macro 0.0, Rouge 0.0, Bert-score 0.8747!*****

2022-07-27 22:57:02,841 - temporal_robustness_evaluation - INFO - 
********************2020-Q4********************

2022-07-27 22:57:22,406 - temporal_robustness_evaluation - INFO - 
*****Model cardiffnlp/twitter-roberta-base-mar2022, Dataset dynamic-templama, Split new, Quarter 2020-Q4, Num of Examples 184, P@1 None, P@10 None, MRR None, F1 macro 0.0, Rouge 0.1371, Bert-score 0.8968!*****

2022-07-27 22:57:22,406 - temporal_robustness_evaluation - INFO - 
********************2021-Q1********************

2022-07-27 22:57:42,018 - temporal_robustness_evaluation - INFO - 
*****Model cardiffnlp/twitter-roberta-base-mar2022, Dataset dynamic-templama, Split new, Quarter 2021-Q1, Num of Examples 369, P@1 None, P@10 None, MRR None, F1 macro 0.0, Rouge 0.2333, Bert-score 0.8888!*****

2022-07-27 22:57:42,018 - temporal_robustness_evaluation - INFO - 
********************2021-Q2********************

2022-07-27 22:58:05,690 - temporal_robustness_evaluation - INFO - 
*****Model cardiffnlp/twitter-roberta-base-mar2022, Dataset dynamic-templama, Split new, Quarter 2021-Q2, Num of Examples 131, P@1 None, P@10 None, MRR None, F1 macro 0.0, Rouge 0.0, Bert-score 0.8458!*****

2022-07-27 22:58:05,690 - temporal_robustness_evaluation - INFO - 
********************2021-Q3********************

2022-07-27 22:58:27,529 - temporal_robustness_evaluation - INFO - 
*****Model cardiffnlp/twitter-roberta-base-mar2022, Dataset dynamic-templama, Split new, Quarter 2021-Q3, Num of Examples 187, P@1 None, P@10 None, MRR None, F1 macro 0.0, Rouge 0.1, Bert-score 0.8726!*****

2022-07-27 22:58:27,529 - temporal_robustness_evaluation - INFO - 
********************2021-Q4********************

2022-07-27 22:58:46,017 - temporal_robustness_evaluation - INFO - 
*****Model cardiffnlp/twitter-roberta-base-mar2022, Dataset dynamic-templama, Split new, Quarter 2021-Q4, Num of Examples 133, P@1 None, P@10 None, MRR None, F1 macro 0.0, Rouge 0.0, Bert-score 0.8678!*****

2022-07-27 22:58:46,017 - temporal_robustness_evaluation - INFO - 
********************2022-Q1********************

2022-07-27 22:59:06,652 - temporal_robustness_evaluation - INFO - 
*****Model cardiffnlp/twitter-roberta-base-mar2022, Dataset dynamic-templama, Split new, Quarter 2022-Q1, Num of Examples 226, P@1 None, P@10 None, MRR None, F1 macro 0.0, Rouge 0.0, Bert-score 0.8886!*****

2022-07-27 22:59:06,652 - temporal_robustness_evaluation - INFO - 
********************2022-Q2********************

2022-07-27 22:59:28,493 - temporal_robustness_evaluation - INFO - 
*****Model cardiffnlp/twitter-roberta-base-mar2022, Dataset dynamic-templama, Split new, Quarter 2022-Q2, Num of Examples 67, P@1 None, P@10 None, MRR None, F1 macro 0.0286, Rouge 0.1143, Bert-score 0.8878!*****

2022-07-27 22:59:28,493 - temporal_robustness_evaluation - INFO - 
********************updated********************

2022-07-27 22:59:28,493 - temporal_robustness_evaluation - INFO - 
********************2019-Q2********************

2022-07-27 22:59:50,864 - temporal_robustness_evaluation - INFO - 
*****Model cardiffnlp/twitter-roberta-base-mar2022, Dataset dynamic-templama, Split updated, Quarter 2019-Q2, Num of Examples 36, P@1 None, P@10 None, MRR None, F1 macro 0.0, Rouge 0.0444, Bert-score 0.8866!*****

2022-07-27 22:59:50,864 - temporal_robustness_evaluation - INFO - 
********************2019-Q3********************

